<?xml version="1.0" encoding="UTF-8"?>
<testng-results skipped="0" failed="0" ignored="0" total="1" passed="1">
  <reporter-output>
  </reporter-output>
  <suite name="Default suite" duration-ms="20356" started-at="2020-04-18T12:09:45Z" finished-at="2020-04-18T12:10:06Z">
    <groups>
    </groups>
    <test name="Default test" duration-ms="20356" started-at="2020-04-18T12:09:45Z" finished-at="2020-04-18T12:10:06Z">
      <class name="com.zd.interview_test.test.ImagePageTest">
        <test-method status="PASS" signature="beforeTestBase()[pri:0, instance:com.zd.interview_test.test.ImagePageTest@14ec4505]" name="beforeTestBase" is-config="true" duration-ms="5599" started-at="2020-04-18T12:09:45Z" finished-at="2020-04-18T12:09:51Z">
          <reporter-output>
          </reporter-output>
        </test-method> <!-- beforeTestBase -->
        <test-method status="PASS" signature="beforeBaseClass()[pri:0, instance:com.zd.interview_test.test.ImagePageTest@14ec4505]" name="beforeBaseClass" is-config="true" duration-ms="2" started-at="2020-04-18T12:09:51Z" finished-at="2020-04-18T12:09:51Z">
          <reporter-output>
          </reporter-output>
        </test-method> <!-- beforeBaseClass -->
        <test-method status="PASS" signature="imageSearch_Test()[pri:0, instance:com.zd.interview_test.test.ImagePageTest@14ec4505]" name="imageSearch_Test" duration-ms="14051" started-at="2020-04-18T12:09:51Z" finished-at="2020-04-18T12:10:05Z">
          <reporter-output>
          </reporter-output>
        </test-method> <!-- imageSearch_Test -->
        <test-method status="PASS" signature="afterTest()[pri:0, instance:com.zd.interview_test.test.ImagePageTest@14ec4505]" name="afterTest" is-config="true" duration-ms="685" started-at="2020-04-18T12:10:05Z" finished-at="2020-04-18T12:10:06Z">
          <reporter-output>
          </reporter-output>
        </test-method> <!-- afterTest -->
      </class> <!-- com.zd.interview_test.test.ImagePageTest -->
    </test> <!-- Default test -->
  </suite> <!-- Default suite -->
</testng-results>
